# JRE version: 7.0_21-b02
# Java VM: OpenJDK 64-Bit Server VM (23.7-b01 mixed mode linux-amd64 compressed oops)
Heap
 PSYoungGen      total 33408K, used 14683K [0x00000000f5960000, 0x00000000f7c80000, 0x0000000100000000)
  eden space 30848K, 39% used [0x00000000f5960000,0x00000000f653c250,0x00000000f7780000)
  from space 2560K, 99% used [0x00000000f7a00000,0x00000000f7c7a9e8,0x00000000f7c80000)
  to   space 2560K, 0% used [0x00000000f7780000,0x00000000f7780000,0x00000000f7a00000)
 ParOldGen       total 41088K, used 4782K [0x00000000e0c00000, 0x00000000e3420000, 0x00000000f5960000)
  object space 41088K, 11% used [0x00000000e0c00000,0x00000000e10aba48,0x00000000e3420000)
 PSPermGen       total 23744K, used 23620K [0x00000000d6600000, 0x00000000d7d30000, 0x00000000e0c00000)
  object space 23744K, 99% used [0x00000000d6600000,0x00000000d7d11238,0x00000000d7d30000)
GC Heap History (4 events):
Event: 0.804 GC heap before
{Heap before GC invocations=1 (full 0):
 PSYoungGen      total 17984K, used 15424K [0x00000000f5960000, 0x00000000f6d70000, 0x0000000100000000)
  eden space 15424K, 100% used [0x00000000f5960000,0x00000000f6870000,0x00000000f6870000)
  from space 2560K, 0% used [0x00000000f6af0000,0x00000000f6af0000,0x00000000f6d70000)
  to   space 2560K, 0% used [0x00000000f6870000,0x00000000f6870000,0x00000000f6af0000)
 ParOldGen       total 41088K, used 0K [0x00000000e0c00000, 0x00000000e3420000, 0x00000000f5960000)
  object space 41088K, 0% used [0x00000000e0c00000,0x00000000e0c00000,0x00000000e3420000)
 PSPermGen       total 21248K, used 18548K [0x00000000d6600000, 0x00000000d7ac0000, 0x00000000e0c00000)
  object space 21248K, 87% used [0x00000000d6600000,0x00000000d781d2a8,0x00000000d7ac0000)
Event: 0.819 GC heap after
Heap after GC invocations=1 (full 0):
 PSYoungGen      total 17984K, used 2554K [0x00000000f5960000, 0x00000000f7c80000, 0x0000000100000000)
  eden space 15424K, 0% used [0x00000000f5960000,0x00000000f5960000,0x00000000f6870000)
  from space 2560K, 99% used [0x00000000f6870000,0x00000000f6aee9d8,0x00000000f6af0000)
  to   space 2560K, 0% used [0x00000000f7a00000,0x00000000f7a00000,0x00000000f7c80000)
 ParOldGen       total 41088K, used 1987K [0x00000000e0c00000, 0x00000000e3420000, 0x00000000f5960000)
  object space 41088K, 4% used [0x00000000e0c00000,0x00000000e0df0e70,0x00000000e3420000)
 PSPermGen       total 21248K, used 18548K [0x00000000d6600000, 0x00000000d7ac0000, 0x00000000e0c00000)
  object space 21248K, 87% used [0x00000000d6600000,0x00000000d781d2a8,0x00000000d7ac0000)
}
Event: 1.653 GC heap before
{Heap before GC invocations=2 (full 0):
 PSYoungGen      total 17984K, used 17978K [0x00000000f5960000, 0x00000000f7c80000, 0x0000000100000000)
  eden space 15424K, 100% used [0x00000000f5960000,0x00000000f6870000,0x00000000f6870000)
  from space 2560K, 99% used [0x00000000f6870000,0x00000000f6aee9d8,0x00000000f6af0000)
  to   space 2560K, 0% used [0x00000000f7a00000,0x00000000f7a00000,0x00000000f7c80000)
 ParOldGen       total 41088K, used 1987K [0x00000000e0c00000, 0x00000000e3420000, 0x00000000f5960000)
  object space 41088K, 4% used [0x00000000e0c00000,0x00000000e0df0e70,0x00000000e3420000)
 PSPermGen       total 23552K, used 23410K [0x00000000d6600000, 0x00000000d7d00000, 0x00000000e0c00000)
  object space 23552K, 99% used [0x00000000d6600000,0x00000000d7cdca60,0x00000000d7d00000)
Event: 1.665 GC heap after
Heap after GC invocations=2 (full 0):
 PSYoungGen      total 33408K, used 2538K [0x00000000f5960000, 0x00000000f7c80000, 0x0000000100000000)
  eden space 30848K, 0% used [0x00000000f5960000,0x00000000f5960000,0x00000000f7780000)
  from space 2560K, 99% used [0x00000000f7a00000,0x00000000f7c7a9e8,0x00000000f7c80000)
  to   space 2560K, 0% used [0x00000000f7780000,0x00000000f7780000,0x00000000f7a00000)
 ParOldGen       total 41088K, used 4782K [0x00000000e0c00000, 0x00000000e3420000, 0x00000000f5960000)
  object space 41088K, 11% used [0x00000000e0c00000,0x00000000e10aba48,0x00000000e3420000)
 PSPermGen       total 23552K, used 23410K [0x00000000d6600000, 0x00000000d7d00000, 0x00000000e0c00000)
  object space 23552K, 99% used [0x00000000d6600000,0x00000000d7cdca60,0x00000000d7d00000)
}

